<?xml version="1.0" encoding="UTF-8"?>
<project xmlns="http://maven.apache.org/POM/4.0.0"
         xmlns:xsi="http://www.w3.org/2001/XMLSchema-instance"
         xsi:schemaLocation="http://maven.apache.org/POM/4.0.0 http://maven.apache.org/xsd/maven-4.0.0.xsd">
    <modelVersion>4.0.0</modelVersion>

    <parent>
        <groupId>com.example</groupId>
        <artifactId>multi-module-parent</artifactId>
        <version>1.0.0</version>
    </parent>

    <artifactId>azure</artifactId>

    <dependencies>
        <!-- Vulnerable Log4j version (inherited version from parent) -->
        <dependency>
            <groupId>org.apache.logging.log4j</groupId>
            <artifactId>log4j-core</artifactId>
        </dependency>
        
        <!-- Azure-specific dependencies -->
        <dependency>
            <groupId>com.azure</groupId>
            <artifactId>azure-core</artifactId>
            <version>1.13.0</version> <!-- Old version with potential vulnerabilities -->
        </dependency>
        
        <!-- Reference to core module -->
        <dependency>
            <groupId>com.example</groupId>
            <artifactId>core</artifactId>
            <version>${project.version}</version>
        </dependency>
    </dependencies>
</project>