<?xml version="1.0" encoding="UTF-8"?>
<project xmlns="http://maven.apache.org/POM/4.0.0"
         xmlns:xsi="http://www.w3.org/2001/XMLSchema-instance"
         xsi:schemaLocation="http://maven.apache.org/POM/4.0.0 http://maven.apache.org/xsd/maven-4.0.0.xsd">
    <modelVersion>4.0.0</modelVersion>

    <groupId>com.example</groupId>
    <artifactId>multi-module-parent</artifactId>
    <version>1.0.0</version>
    <packaging>pom</packaging>

    <properties>
        <maven.compiler.source>11</maven.compiler.source>
        <maven.compiler.target>11</maven.compiler.target>
        <log4j.version>2.14.1</log4j.version>
        <spring.version>5.3.10</spring.version>
        <jackson.version>2.13.0</jackson.version>
    </properties>

    <modules>
        <module>core</module>
        <module>api</module>
    </modules>

    <dependencyManagement>
        <dependencies>
            <!-- BOM for Spring dependencies -->
            <dependency>
                <groupId>org.springframework</groupId>
                <artifactId>spring-framework-bom</artifactId>
                <version>${spring.version}</version>
                <type>pom</type>
                <scope>import</scope>
            </dependency>
            
            <!-- Vulnerable Log4j version -->
            <dependency>
                <groupId>org.apache.logging.log4j</groupId>
                <artifactId>log4j-core</artifactId>
                <version>${log4j.version}</version>
            </dependency>
            
            <!-- Jackson libraries -->
            <dependency>
                <groupId>com.fasterxml.jackson.core</groupId>
                <artifactId>jackson-databind</artifactId>
                <version>${jackson.version}</version>
            </dependency>
        </dependencies>
    </dependencyManagement>
    
    <profiles>
        <profile>
            <id>azure</id>
            <activation>
                <activeByDefault>true</activeByDefault>
            </activation>
            <modules>
                <module>azure</module>
            </modules>
        </profile>
        <profile>
            <id>aws</id>
            <modules>
                <module>aws</module>
            </modules>
        </profile>
    </profiles>
</project>